[2025-06-25T18:00:02.106Z] [INFO] ğŸš€ Starting live booking system tests...
[2025-06-25T18:00:02.106Z] [INFO] ğŸš€ Starting live booking system tests...
[2025-06-25T18:00:02.121Z] [INFO] Testing health check endpoint...
[2025-06-25T18:00:02.121Z] [INFO] Testing health check endpoint...
[2025-06-25T18:00:02.157Z] [INFO] ğŸš€ Starting live booking system tests...
[2025-06-25T18:00:02.157Z] [INFO] ğŸš€ Starting live booking system tests...
[2025-06-25T18:00:02.158Z] [INFO] Testing health check endpoint...
[2025-06-25T18:00:02.158Z] [INFO] Testing health check endpoint...
[2025-06-25T18:00:02.306Z] [ERROR] âŒ Health check failed: 502
[2025-06-25T18:00:02.306Z] [ERROR] âŒ Health check failed: 502
[2025-06-25T18:00:02.306Z] [INFO] Testing booking endpoints...
[2025-06-25T18:00:02.306Z] [INFO] Testing booking endpoints...
[2025-06-25T18:00:02.316Z] [ERROR] âŒ Booking endpoint failed: 502
[2025-06-25T18:00:02.316Z] [ERROR] âŒ Booking endpoint failed: 502
[2025-06-25T18:00:02.317Z] [INFO] ğŸ“Š Test Summary: 0/2 tests passed in 211ms
[2025-06-25T18:00:02.317Z] [INFO] ğŸ“Š Test Summary: 0/2 tests passed in 211ms
[2025-06-25T18:00:02.317Z] [ERROR] ğŸ’¥ Some tests failed
[2025-06-25T18:00:02.317Z] [ERROR] ğŸ’¥ Some tests failed
[2025-06-25T18:00:02.344Z] [ERROR] âŒ Health check failed: 502
[2025-06-25T18:00:02.344Z] [ERROR] âŒ Health check failed: 502
[2025-06-25T18:00:02.344Z] [INFO] Testing booking endpoints...
[2025-06-25T18:00:02.344Z] [INFO] Testing booking endpoints...
[2025-06-25T18:00:02.347Z] [ERROR] âŒ Booking endpoint failed: 502
[2025-06-25T18:00:02.347Z] [ERROR] âŒ Booking endpoint failed: 502
[2025-06-25T18:00:02.347Z] [INFO] ğŸ“Š Test Summary: 0/2 tests passed in 190ms
[2025-06-25T18:00:02.347Z] [INFO] ğŸ“Š Test Summary: 0/2 tests passed in 190ms
[2025-06-25T18:00:02.347Z] [ERROR] ğŸ’¥ Some tests failed
[2025-06-25T18:00:02.347Z] [ERROR] ğŸ’¥ Some tests failed
[2025-06-25T19:00:01.148Z] [INFO] ğŸš€ Starting live booking system tests...
[2025-06-25T19:00:01.148Z] [INFO] ğŸš€ Starting live booking system tests...
[2025-06-25T19:00:01.155Z] [INFO] Testing health check endpoint...
[2025-06-25T19:00:01.155Z] [INFO] Testing health check endpoint...
[2025-06-25T19:00:01.185Z] [INFO] ğŸš€ Starting live booking system tests...
[2025-06-25T19:00:01.185Z] [INFO] ğŸš€ Starting live booking system tests...
[2025-06-25T19:00:01.186Z] [INFO] Testing health check endpoint...
[2025-06-25T19:00:01.186Z] [INFO] Testing health check endpoint...
[2025-06-25T19:00:01.244Z] [ERROR] âŒ Health check failed: 502
[2025-06-25T19:00:01.244Z] [ERROR] âŒ Health check failed: 502
[2025-06-25T19:00:01.245Z] [INFO] Testing booking endpoints...
[2025-06-25T19:00:01.245Z] [INFO] Testing booking endpoints...
[2025-06-25T19:00:01.245Z] [ERROR] âŒ Booking endpoint failed: 502
[2025-06-25T19:00:01.245Z] [ERROR] âŒ Booking endpoint failed: 502
[2025-06-25T19:00:01.246Z] [INFO] ğŸ“Š Test Summary: 0/2 tests passed in 98ms
[2025-06-25T19:00:01.246Z] [INFO] ğŸ“Š Test Summary: 0/2 tests passed in 98ms
[2025-06-25T19:00:01.246Z] [ERROR] ğŸ’¥ Some tests failed
[2025-06-25T19:00:01.246Z] [ERROR] ğŸ’¥ Some tests failed
[2025-06-25T19:00:01.292Z] [ERROR] âŒ Health check failed: 502
[2025-06-25T19:00:01.292Z] [ERROR] âŒ Health check failed: 502
[2025-06-25T19:00:01.292Z] [INFO] Testing booking endpoints...
[2025-06-25T19:00:01.292Z] [INFO] Testing booking endpoints...
[2025-06-25T19:00:01.293Z] [ERROR] âŒ Booking endpoint failed: 502
[2025-06-25T19:00:01.293Z] [ERROR] âŒ Booking endpoint failed: 502
[2025-06-25T19:00:01.293Z] [INFO] ğŸ“Š Test Summary: 0/2 tests passed in 108ms
[2025-06-25T19:00:01.293Z] [INFO] ğŸ“Š Test Summary: 0/2 tests passed in 108ms
[2025-06-25T19:00:01.293Z] [ERROR] ğŸ’¥ Some tests failed
[2025-06-25T19:00:01.293Z] [ERROR] ğŸ’¥ Some tests failed
[2025-06-25T20:00:01.526Z] [INFO] ğŸš€ Starting live booking system tests...
[2025-06-25T20:00:01.526Z] [INFO] ğŸš€ Starting live booking system tests...
[2025-06-25T20:00:01.527Z] [INFO] Testing health check endpoint...
[2025-06-25T20:00:01.527Z] [INFO] Testing health check endpoint...
[2025-06-25T20:00:01.551Z] [INFO] ğŸš€ Starting live booking system tests...
[2025-06-25T20:00:01.551Z] [INFO] ğŸš€ Starting live booking system tests...
[2025-06-25T20:00:01.560Z] [INFO] Testing health check endpoint...
[2025-06-25T20:00:01.560Z] [INFO] Testing health check endpoint...
[2025-06-25T20:00:01.607Z] [ERROR] âŒ Health check failed: 502
[2025-06-25T20:00:01.607Z] [ERROR] âŒ Health check failed: 502
[2025-06-25T20:00:01.608Z] [INFO] Testing booking endpoints...
[2025-06-25T20:00:01.608Z] [INFO] Testing booking endpoints...
[2025-06-25T20:00:01.610Z] [ERROR] âŒ Booking endpoint failed: 502
[2025-06-25T20:00:01.610Z] [ERROR] âŒ Booking endpoint failed: 502
[2025-06-25T20:00:01.610Z] [INFO] ğŸ“Š Test Summary: 0/2 tests passed in 85ms
[2025-06-25T20:00:01.610Z] [INFO] ğŸ“Š Test Summary: 0/2 tests passed in 85ms
[2025-06-25T20:00:01.610Z] [ERROR] ğŸ’¥ Some tests failed
[2025-06-25T20:00:01.610Z] [ERROR] ğŸ’¥ Some tests failed
[2025-06-25T20:00:01.645Z] [ERROR] âŒ Health check failed: 502
[2025-06-25T20:00:01.645Z] [ERROR] âŒ Health check failed: 502
[2025-06-25T20:00:01.646Z] [INFO] Testing booking endpoints...
[2025-06-25T20:00:01.646Z] [INFO] Testing booking endpoints...
[2025-06-25T20:00:01.647Z] [ERROR] âŒ Booking endpoint failed: 502
[2025-06-25T20:00:01.647Z] [ERROR] âŒ Booking endpoint failed: 502
[2025-06-25T20:00:01.647Z] [INFO] ğŸ“Š Test Summary: 0/2 tests passed in 96ms
[2025-06-25T20:00:01.647Z] [INFO] ğŸ“Š Test Summary: 0/2 tests passed in 96ms
[2025-06-25T20:00:01.648Z] [ERROR] ğŸ’¥ Some tests failed
[2025-06-25T20:00:01.648Z] [ERROR] ğŸ’¥ Some tests failed
[2025-06-25T20:18:48.973Z] [INFO] ğŸš€ Starting live booking system tests...
[2025-06-25T20:18:48.974Z] [INFO] Testing health check endpoint...
[2025-06-25T20:18:49.026Z] [ERROR] âŒ Health check failed: 502
[2025-06-25T20:18:49.026Z] [INFO] Testing booking endpoints...
[2025-06-25T20:18:49.027Z] [ERROR] âŒ Booking endpoint failed: 502
[2025-06-25T20:18:49.027Z] [INFO] ğŸ“Š Test Summary: 0/2 tests passed in 54ms
[2025-06-25T20:18:49.027Z] [ERROR] ğŸ’¥ Some tests failed
[2025-06-25T20:36:10.318Z] [INFO] ğŸš€ Starting live booking system tests...
[2025-06-25T20:36:10.320Z] [INFO] Testing health check endpoint...
[2025-06-25T20:36:10.371Z] [ERROR] âŒ Health check failed: 502
[2025-06-25T20:36:10.371Z] [INFO] Testing booking endpoints...
[2025-06-25T20:36:10.372Z] [ERROR] âŒ Booking endpoint failed: 502
[2025-06-25T20:36:10.372Z] [INFO] ğŸ“Š Test Summary: 0/2 tests passed in 54ms
[2025-06-25T20:36:10.372Z] [ERROR] ğŸ’¥ Some tests failed
[2025-06-25T21:00:01.604Z] [INFO] ğŸš€ Starting live booking system tests...
[2025-06-25T21:00:01.604Z] [INFO] ğŸš€ Starting live booking system tests...
[2025-06-25T21:00:01.605Z] [INFO] Testing health check endpoint...
[2025-06-25T21:00:01.605Z] [INFO] Testing health check endpoint...
[2025-06-25T21:00:01.634Z] [INFO] ğŸš€ Starting live booking system tests...
[2025-06-25T21:00:01.634Z] [INFO] ğŸš€ Starting live booking system tests...
[2025-06-25T21:00:01.635Z] [INFO] Testing health check endpoint...
[2025-06-25T21:00:01.635Z] [INFO] Testing health check endpoint...
[2025-06-25T21:00:01.738Z] [ERROR] âŒ Health check failed: 502
[2025-06-25T21:00:01.742Z] [ERROR] âŒ Health check failed: 502
[2025-06-25T21:00:01.742Z] [ERROR] âŒ Health check failed: 502
[2025-06-25T21:00:01.742Z] [INFO] Testing booking endpoints...
[2025-06-25T21:00:01.742Z] [INFO] Testing booking endpoints...
[2025-06-25T21:00:01.738Z] [ERROR] âŒ Health check failed: 502
[2025-06-25T21:00:01.744Z] [INFO] Testing booking endpoints...
[2025-06-25T21:00:01.744Z] [INFO] Testing booking endpoints...
[2025-06-25T21:00:01.745Z] [ERROR] âŒ Booking endpoint failed: 502
[2025-06-25T21:00:01.745Z] [ERROR] âŒ Booking endpoint failed: 502
[2025-06-25T21:00:01.745Z] [INFO] ğŸ“Š Test Summary: 0/2 tests passed in 141ms
[2025-06-25T21:00:01.745Z] [INFO] ğŸ“Š Test Summary: 0/2 tests passed in 141ms
[2025-06-25T21:00:01.745Z] [ERROR] ğŸ’¥ Some tests failed
[2025-06-25T21:00:01.745Z] [ERROR] ğŸ’¥ Some tests failed
[2025-06-25T21:00:01.746Z] [ERROR] âŒ Booking endpoint failed: 502
[2025-06-25T21:00:01.746Z] [ERROR] âŒ Booking endpoint failed: 502
[2025-06-25T21:00:01.746Z] [INFO] ğŸ“Š Test Summary: 0/2 tests passed in 119ms
[2025-06-25T21:00:01.746Z] [INFO] ğŸ“Š Test Summary: 0/2 tests passed in 119ms
[2025-06-25T21:00:01.746Z] [ERROR] ğŸ’¥ Some tests failed
[2025-06-25T21:00:01.746Z] [ERROR] ğŸ’¥ Some tests failed
[2025-06-25T21:55:11.701Z] [INFO] ğŸš€ Starting live booking system tests...
[2025-06-25T21:55:11.702Z] [INFO] Testing health check endpoint...
[2025-06-25T21:55:11.752Z] [ERROR] âŒ Health check failed: 502
[2025-06-25T21:55:11.752Z] [INFO] Testing booking endpoints...
[2025-06-25T21:55:11.754Z] [ERROR] âŒ Booking endpoint failed: 502
[2025-06-25T21:55:11.755Z] [INFO] ğŸ“Š Test Summary: 0/2 tests passed in 54ms
[2025-06-25T21:55:11.755Z] [ERROR] ğŸ’¥ Some tests failed
[2025-06-25T22:00:01.469Z] [INFO] ğŸš€ Starting live booking system tests...
[2025-06-25T22:00:01.469Z] [INFO] ğŸš€ Starting live booking system tests...
[2025-06-25T22:00:01.470Z] [INFO] Testing health check endpoint...
[2025-06-25T22:00:01.470Z] [INFO] Testing health check endpoint...
[2025-06-25T22:00:01.500Z] [INFO] ğŸš€ Starting live booking system tests...
[2025-06-25T22:00:01.500Z] [INFO] ğŸš€ Starting live booking system tests...
[2025-06-25T22:00:01.502Z] [INFO] Testing health check endpoint...
[2025-06-25T22:00:01.502Z] [INFO] Testing health check endpoint...
[2025-06-25T22:00:01.689Z] [ERROR] âŒ Health check failed: 502
[2025-06-25T22:00:01.689Z] [ERROR] âŒ Health check failed: 502
[2025-06-25T22:00:01.690Z] [INFO] Testing booking endpoints...
[2025-06-25T22:00:01.690Z] [INFO] Testing booking endpoints...
[2025-06-25T22:00:01.698Z] [ERROR] âŒ Health check failed: 502
[2025-06-25T22:00:01.698Z] [ERROR] âŒ Health check failed: 502
[2025-06-25T22:00:01.699Z] [INFO] Testing booking endpoints...
[2025-06-25T22:00:01.699Z] [INFO] Testing booking endpoints...
[2025-06-25T22:00:01.700Z] [ERROR] âŒ Booking endpoint failed: 502
[2025-06-25T22:00:01.700Z] [ERROR] âŒ Booking endpoint failed: 502
[2025-06-25T22:00:01.700Z] [INFO] ğŸ“Š Test Summary: 0/2 tests passed in 231ms
[2025-06-25T22:00:01.700Z] [INFO] ğŸ“Š Test Summary: 0/2 tests passed in 231ms
[2025-06-25T22:00:01.700Z] [ERROR] ğŸ’¥ Some tests failed
[2025-06-25T22:00:01.700Z] [ERROR] ğŸ’¥ Some tests failed
[2025-06-25T22:00:01.732Z] [ERROR] âŒ Booking endpoint failed: 502
[2025-06-25T22:00:01.732Z] [ERROR] âŒ Booking endpoint failed: 502
[2025-06-25T22:00:01.732Z] [INFO] ğŸ“Š Test Summary: 0/2 tests passed in 232ms
[2025-06-25T22:00:01.732Z] [INFO] ğŸ“Š Test Summary: 0/2 tests passed in 232ms
[2025-06-25T22:00:01.732Z] [ERROR] ğŸ’¥ Some tests failed
[2025-06-25T22:00:01.732Z] [ERROR] ğŸ’¥ Some tests failed
[2025-06-25T22:19:07.565Z] [INFO] ğŸš€ Starting live booking system tests...
[2025-06-25T22:19:07.567Z] [INFO] Testing health check endpoint...
[2025-06-25T22:19:07.615Z] [ERROR] âŒ Health check failed: 502
[2025-06-25T22:19:07.616Z] [INFO] Testing booking endpoints...
[2025-06-25T22:19:07.617Z] [ERROR] âŒ Booking endpoint failed: 502
[2025-06-25T22:19:07.617Z] [INFO] ğŸ“Š Test Summary: 0/2 tests passed in 52ms
[2025-06-25T22:19:07.617Z] [ERROR] ğŸ’¥ Some tests failed
[2025-06-25T22:58:33.658Z] [INFO] ğŸš€ Starting live booking system tests...
[2025-06-25T22:58:33.659Z] [INFO] Testing health check endpoint...
[2025-06-25T22:58:33.704Z] [ERROR] âŒ Health check failed: 502
[2025-06-25T22:58:33.704Z] [INFO] Testing booking endpoints...
[2025-06-25T22:58:33.707Z] [ERROR] âŒ Booking endpoint failed: 502
[2025-06-25T22:58:33.708Z] [INFO] ğŸ“Š Test Summary: 0/2 tests passed in 50ms
[2025-06-25T22:58:33.708Z] [ERROR] ğŸ’¥ Some tests failed
[2025-06-25T23:00:01.507Z] [INFO] ğŸš€ Starting live booking system tests...
[2025-06-25T23:00:01.507Z] [INFO] ğŸš€ Starting live booking system tests...
[2025-06-25T23:00:01.584Z] [INFO] Testing health check endpoint...
[2025-06-25T23:00:01.584Z] [INFO] Testing health check endpoint...
[2025-06-25T23:00:01.696Z] [INFO] ğŸš€ Starting live booking system tests...
[2025-06-25T23:00:01.696Z] [INFO] ğŸš€ Starting live booking system tests...
[2025-06-25T23:00:01.697Z] [INFO] Testing health check endpoint...
[2025-06-25T23:00:01.697Z] [INFO] Testing health check endpoint...
[2025-06-25T23:00:01.912Z] [ERROR] âŒ Health check failed: 502
[2025-06-25T23:00:01.912Z] [ERROR] âŒ Health check failed: 502
[2025-06-25T23:00:01.913Z] [INFO] Testing booking endpoints...
[2025-06-25T23:00:01.913Z] [INFO] Testing booking endpoints...
[2025-06-25T23:00:01.928Z] [ERROR] âŒ Booking endpoint failed: 502
[2025-06-25T23:00:01.928Z] [ERROR] âŒ Booking endpoint failed: 502
[2025-06-25T23:00:01.928Z] [INFO] ğŸ“Š Test Summary: 0/2 tests passed in 232ms
[2025-06-25T23:00:01.928Z] [INFO] ğŸ“Š Test Summary: 0/2 tests passed in 232ms
[2025-06-25T23:00:01.928Z] [ERROR] ğŸ’¥ Some tests failed
[2025-06-25T23:00:01.928Z] [ERROR] ğŸ’¥ Some tests failed
[2025-06-25T23:00:01.946Z] [ERROR] âŒ Health check failed: 502
[2025-06-25T23:00:01.946Z] [ERROR] âŒ Health check failed: 502
[2025-06-25T23:00:01.946Z] [INFO] Testing booking endpoints...
[2025-06-25T23:00:01.946Z] [INFO] Testing booking endpoints...
[2025-06-25T23:00:01.956Z] [ERROR] âŒ Booking endpoint failed: 502
[2025-06-25T23:00:01.956Z] [ERROR] âŒ Booking endpoint failed: 502
[2025-06-25T23:00:01.956Z] [INFO] ğŸ“Š Test Summary: 0/2 tests passed in 449ms
[2025-06-25T23:00:01.956Z] [INFO] ğŸ“Š Test Summary: 0/2 tests passed in 449ms
[2025-06-25T23:00:01.956Z] [ERROR] ğŸ’¥ Some tests failed
[2025-06-25T23:00:01.956Z] [ERROR] ğŸ’¥ Some tests failed
[2025-06-25T23:14:09.371Z] [INFO] ğŸš€ Starting live booking system tests...
[2025-06-25T23:14:09.372Z] [INFO] Testing health check endpoint...
[2025-06-25T23:14:09.425Z] [ERROR] âŒ Health check failed: 502
[2025-06-25T23:14:09.426Z] [INFO] Testing booking endpoints...
[2025-06-25T23:14:09.427Z] [ERROR] âŒ Booking endpoint failed: 502
[2025-06-25T23:14:09.427Z] [INFO] ğŸ“Š Test Summary: 0/2 tests passed in 56ms
[2025-06-25T23:14:09.427Z] [ERROR] ğŸ’¥ Some tests failed
[2025-07-11T10:41:00.414Z] [INFO] ğŸš€ Starting live booking system tests...
[2025-07-11T10:41:00.415Z] [INFO] Testing health check endpoint...
[2025-07-11T10:41:00.470Z] [SUCCESS] âœ… Health check passed
[2025-07-11T10:41:00.470Z] [INFO] Testing booking endpoints...
[2025-07-11T10:41:00.473Z] [SUCCESS] âœ… Booking endpoint accessible
[2025-07-11T10:41:00.473Z] [INFO] ğŸ“Š Test Summary: 2/2 tests passed in 59ms
[2025-07-11T10:41:00.473Z] [SUCCESS] ğŸ‰ All tests passed!
[2025-07-11T10:43:49.790Z] [INFO] ğŸš€ Starting live booking system tests...
[2025-07-11T10:43:49.792Z] [INFO] Testing health check endpoint...
[2025-07-11T10:43:49.839Z] [SUCCESS] âœ… Health check passed
[2025-07-11T10:43:49.840Z] [INFO] Testing booking endpoints...
[2025-07-11T10:43:49.842Z] [SUCCESS] âœ… Booking endpoint accessible
[2025-07-11T10:43:49.842Z] [INFO] ğŸ“Š Test Summary: 2/2 tests passed in 52ms
[2025-07-11T10:43:49.843Z] [SUCCESS] ğŸ‰ All tests passed!
[2025-07-11T10:44:51.354Z] [INFO] ğŸš€ Starting live booking system tests...
[2025-07-11T10:44:51.356Z] [INFO] Testing health check endpoint...
[2025-07-11T10:44:51.405Z] [SUCCESS] âœ… Health check passed
[2025-07-11T10:44:51.405Z] [INFO] Testing booking endpoints...
[2025-07-11T10:44:51.408Z] [SUCCESS] âœ… Booking endpoint accessible
[2025-07-11T10:44:51.408Z] [INFO] ğŸ“Š Test Summary: 2/2 tests passed in 54ms
[2025-07-11T10:44:51.408Z] [SUCCESS] ğŸ‰ All tests passed!
[2025-07-11T10:52:08.567Z] [INFO] ğŸš€ Starting live booking system tests...
[2025-07-11T10:52:08.569Z] [INFO] Testing health check endpoint...
[2025-07-11T10:52:08.616Z] [SUCCESS] âœ… Health check passed
[2025-07-11T10:52:08.616Z] [INFO] Testing booking endpoints...
[2025-07-11T10:52:08.619Z] [SUCCESS] âœ… Booking endpoint accessible
[2025-07-11T10:52:08.619Z] [INFO] ğŸ“Š Test Summary: 2/2 tests passed in 52ms
[2025-07-11T10:52:08.619Z] [SUCCESS] ğŸ‰ All tests passed!
[2025-07-11T11:00:01.374Z] [INFO] ğŸš€ Starting live booking system tests...
[2025-07-11T11:00:01.374Z] [INFO] ğŸš€ Starting live booking system tests...
[2025-07-11T11:00:01.375Z] [INFO] Testing health check endpoint...
[2025-07-11T11:00:01.375Z] [INFO] Testing health check endpoint...
[2025-07-11T11:00:01.443Z] [SUCCESS] âœ… Health check passed
[2025-07-11T11:00:01.443Z] [SUCCESS] âœ… Health check passed
[2025-07-11T11:00:01.443Z] [INFO] Testing booking endpoints...
[2025-07-11T11:00:01.443Z] [INFO] Testing booking endpoints...
[2025-07-11T11:00:01.446Z] [SUCCESS] âœ… Booking endpoint accessible
[2025-07-11T11:00:01.446Z] [SUCCESS] âœ… Booking endpoint accessible
[2025-07-11T11:00:01.446Z] [INFO] ğŸ“Š Test Summary: 2/2 tests passed in 72ms
[2025-07-11T11:00:01.446Z] [INFO] ğŸ“Š Test Summary: 2/2 tests passed in 72ms
[2025-07-11T11:00:01.446Z] [SUCCESS] ğŸ‰ All tests passed!
[2025-07-11T11:00:01.446Z] [SUCCESS] ğŸ‰ All tests passed!
[2025-07-11T12:00:01.519Z] [INFO] ğŸš€ Starting live booking system tests...
[2025-07-11T12:00:01.519Z] [INFO] ğŸš€ Starting live booking system tests...
[2025-07-11T12:00:01.521Z] [INFO] Testing health check endpoint...
[2025-07-11T12:00:01.521Z] [INFO] Testing health check endpoint...
[2025-07-11T12:00:01.581Z] [ERROR] âŒ Health check failed: 502
[2025-07-11T12:00:01.581Z] [ERROR] âŒ Health check failed: 502
[2025-07-11T12:00:01.582Z] [INFO] Testing booking endpoints...
[2025-07-11T12:00:01.582Z] [INFO] Testing booking endpoints...
[2025-07-11T12:00:01.583Z] [ERROR] âŒ Booking endpoint failed: 502
[2025-07-11T12:00:01.583Z] [ERROR] âŒ Booking endpoint failed: 502
[2025-07-11T12:00:01.583Z] [INFO] ğŸ“Š Test Summary: 0/2 tests passed in 64ms
[2025-07-11T12:00:01.583Z] [INFO] ğŸ“Š Test Summary: 0/2 tests passed in 64ms
[2025-07-11T12:00:01.583Z] [ERROR] ğŸ’¥ Some tests failed
[2025-07-11T12:00:01.583Z] [ERROR] ğŸ’¥ Some tests failed
[2025-07-11T13:00:01.095Z] [INFO] ğŸš€ Starting live booking system tests...
[2025-07-11T13:00:01.095Z] [INFO] ğŸš€ Starting live booking system tests...
[2025-07-11T13:00:01.102Z] [INFO] Testing health check endpoint...
[2025-07-11T13:00:01.102Z] [INFO] Testing health check endpoint...
[2025-07-11T13:00:01.176Z] [ERROR] âŒ Health check failed: 502
[2025-07-11T13:00:01.176Z] [ERROR] âŒ Health check failed: 502
[2025-07-11T13:00:01.176Z] [INFO] Testing booking endpoints...
[2025-07-11T13:00:01.176Z] [INFO] Testing booking endpoints...
[2025-07-11T13:00:01.177Z] [ERROR] âŒ Booking endpoint failed: 502
[2025-07-11T13:00:01.177Z] [ERROR] âŒ Booking endpoint failed: 502
[2025-07-11T13:00:01.177Z] [INFO] ğŸ“Š Test Summary: 0/2 tests passed in 82ms
[2025-07-11T13:00:01.177Z] [INFO] ğŸ“Š Test Summary: 0/2 tests passed in 82ms
[2025-07-11T13:00:01.178Z] [ERROR] ğŸ’¥ Some tests failed
[2025-07-11T13:00:01.178Z] [ERROR] ğŸ’¥ Some tests failed
[2025-07-11T14:00:01.679Z] [INFO] ğŸš€ Starting live booking system tests...
[2025-07-11T14:00:01.679Z] [INFO] ğŸš€ Starting live booking system tests...
[2025-07-11T14:00:01.689Z] [INFO] Testing health check endpoint...
[2025-07-11T14:00:01.689Z] [INFO] Testing health check endpoint...
[2025-07-11T14:00:01.751Z] [ERROR] âŒ Health check failed: 502
[2025-07-11T14:00:01.751Z] [ERROR] âŒ Health check failed: 502
[2025-07-11T14:00:01.752Z] [INFO] Testing booking endpoints...
[2025-07-11T14:00:01.752Z] [INFO] Testing booking endpoints...
[2025-07-11T14:00:01.752Z] [ERROR] âŒ Booking endpoint failed: 502
[2025-07-11T14:00:01.752Z] [ERROR] âŒ Booking endpoint failed: 502
[2025-07-11T14:00:01.753Z] [INFO] ğŸ“Š Test Summary: 0/2 tests passed in 74ms
[2025-07-11T14:00:01.753Z] [INFO] ğŸ“Š Test Summary: 0/2 tests passed in 74ms
[2025-07-11T14:00:01.753Z] [ERROR] ğŸ’¥ Some tests failed
[2025-07-11T14:00:01.753Z] [ERROR] ğŸ’¥ Some tests failed
[2025-07-11T15:00:01.112Z] [INFO] ğŸš€ Starting live booking system tests...
[2025-07-11T15:00:01.112Z] [INFO] ğŸš€ Starting live booking system tests...
[2025-07-11T15:00:01.118Z] [INFO] Testing health check endpoint...
[2025-07-11T15:00:01.118Z] [INFO] Testing health check endpoint...
[2025-07-11T15:00:01.178Z] [ERROR] âŒ Health check failed: 502
[2025-07-11T15:00:01.178Z] [ERROR] âŒ Health check failed: 502
[2025-07-11T15:00:01.178Z] [INFO] Testing booking endpoints...
[2025-07-11T15:00:01.178Z] [INFO] Testing booking endpoints...
[2025-07-11T15:00:01.179Z] [ERROR] âŒ Booking endpoint failed: 502
[2025-07-11T15:00:01.179Z] [ERROR] âŒ Booking endpoint failed: 502
[2025-07-11T15:00:01.179Z] [INFO] ğŸ“Š Test Summary: 0/2 tests passed in 67ms
[2025-07-11T15:00:01.179Z] [INFO] ğŸ“Š Test Summary: 0/2 tests passed in 67ms
[2025-07-11T15:00:01.179Z] [ERROR] ğŸ’¥ Some tests failed
[2025-07-11T15:00:01.179Z] [ERROR] ğŸ’¥ Some tests failed
[2025-07-11T16:00:01.719Z] [INFO] ğŸš€ Starting live booking system tests...
[2025-07-11T16:00:01.719Z] [INFO] ğŸš€ Starting live booking system tests...
[2025-07-11T16:00:01.721Z] [INFO] Testing health check endpoint...
[2025-07-11T16:00:01.721Z] [INFO] Testing health check endpoint...
[2025-07-11T16:00:01.785Z] [ERROR] âŒ Health check failed: 502
[2025-07-11T16:00:01.785Z] [ERROR] âŒ Health check failed: 502
[2025-07-11T16:00:01.786Z] [INFO] Testing booking endpoints...
[2025-07-11T16:00:01.786Z] [INFO] Testing booking endpoints...
[2025-07-11T16:00:01.787Z] [ERROR] âŒ Booking endpoint failed: 502
[2025-07-11T16:00:01.787Z] [ERROR] âŒ Booking endpoint failed: 502
[2025-07-11T16:00:01.787Z] [INFO] ğŸ“Š Test Summary: 0/2 tests passed in 68ms
[2025-07-11T16:00:01.787Z] [INFO] ğŸ“Š Test Summary: 0/2 tests passed in 68ms
[2025-07-11T16:00:01.787Z] [ERROR] ğŸ’¥ Some tests failed
[2025-07-11T16:00:01.787Z] [ERROR] ğŸ’¥ Some tests failed
[2025-07-11T17:00:02.015Z] [INFO] ğŸš€ Starting live booking system tests...
[2025-07-11T17:00:02.015Z] [INFO] ğŸš€ Starting live booking system tests...
[2025-07-11T17:00:02.021Z] [INFO] Testing health check endpoint...
[2025-07-11T17:00:02.021Z] [INFO] Testing health check endpoint...
[2025-07-11T17:00:02.089Z] [ERROR] âŒ Health check failed: 502
[2025-07-11T17:00:02.089Z] [ERROR] âŒ Health check failed: 502
[2025-07-11T17:00:02.089Z] [INFO] Testing booking endpoints...
[2025-07-11T17:00:02.089Z] [INFO] Testing booking endpoints...
[2025-07-11T17:00:02.091Z] [ERROR] âŒ Booking endpoint failed: 502
[2025-07-11T17:00:02.091Z] [ERROR] âŒ Booking endpoint failed: 502
[2025-07-11T17:00:02.091Z] [INFO] ğŸ“Š Test Summary: 0/2 tests passed in 76ms
[2025-07-11T17:00:02.091Z] [INFO] ğŸ“Š Test Summary: 0/2 tests passed in 76ms
[2025-07-11T17:00:02.091Z] [ERROR] ğŸ’¥ Some tests failed
[2025-07-11T17:00:02.091Z] [ERROR] ğŸ’¥ Some tests failed
[2025-07-11T18:00:02.039Z] [INFO] ğŸš€ Starting live booking system tests...
[2025-07-11T18:00:02.039Z] [INFO] ğŸš€ Starting live booking system tests...
[2025-07-11T18:00:02.041Z] [INFO] Testing health check endpoint...
[2025-07-11T18:00:02.041Z] [INFO] Testing health check endpoint...
[2025-07-11T18:00:02.101Z] [ERROR] âŒ Health check failed: 502
[2025-07-11T18:00:02.101Z] [ERROR] âŒ Health check failed: 502
[2025-07-11T18:00:02.101Z] [INFO] Testing booking endpoints...
[2025-07-11T18:00:02.101Z] [INFO] Testing booking endpoints...
[2025-07-11T18:00:02.102Z] [ERROR] âŒ Booking endpoint failed: 502
[2025-07-11T18:00:02.102Z] [ERROR] âŒ Booking endpoint failed: 502
[2025-07-11T18:00:02.103Z] [INFO] ğŸ“Š Test Summary: 0/2 tests passed in 64ms
[2025-07-11T18:00:02.103Z] [INFO] ğŸ“Š Test Summary: 0/2 tests passed in 64ms
[2025-07-11T18:00:02.103Z] [ERROR] ğŸ’¥ Some tests failed
[2025-07-11T18:00:02.103Z] [ERROR] ğŸ’¥ Some tests failed
[2025-07-11T19:00:01.631Z] [INFO] ğŸš€ Starting live booking system tests...
[2025-07-11T19:00:01.631Z] [INFO] ğŸš€ Starting live booking system tests...
[2025-07-11T19:00:01.638Z] [INFO] Testing health check endpoint...
[2025-07-11T19:00:01.638Z] [INFO] Testing health check endpoint...
[2025-07-11T19:00:01.699Z] [ERROR] âŒ Health check failed: 502
[2025-07-11T19:00:01.699Z] [ERROR] âŒ Health check failed: 502
[2025-07-11T19:00:01.700Z] [INFO] Testing booking endpoints...
[2025-07-11T19:00:01.700Z] [INFO] Testing booking endpoints...
[2025-07-11T19:00:01.701Z] [ERROR] âŒ Booking endpoint failed: 502
[2025-07-11T19:00:01.701Z] [ERROR] âŒ Booking endpoint failed: 502
[2025-07-11T19:00:01.701Z] [INFO] ğŸ“Š Test Summary: 0/2 tests passed in 70ms
[2025-07-11T19:00:01.701Z] [INFO] ğŸ“Š Test Summary: 0/2 tests passed in 70ms
[2025-07-11T19:00:01.701Z] [ERROR] ğŸ’¥ Some tests failed
[2025-07-11T19:00:01.701Z] [ERROR] ğŸ’¥ Some tests failed
[2025-07-11T19:25:17.892Z] [INFO] ğŸš€ Starting live booking system tests...
[2025-07-11T19:25:17.893Z] [INFO] Testing health check endpoint...
[2025-07-11T19:25:17.943Z] [ERROR] âŒ Health check failed: 502
[2025-07-11T19:25:17.943Z] [INFO] Testing booking endpoints...
[2025-07-11T19:25:17.944Z] [ERROR] âŒ Booking endpoint failed: 502
[2025-07-11T19:25:17.944Z] [INFO] ğŸ“Š Test Summary: 0/2 tests passed in 52ms
[2025-07-11T19:25:17.944Z] [ERROR] ğŸ’¥ Some tests failed
[2025-07-11T20:00:01.971Z] [INFO] ğŸš€ Starting live booking system tests...
[2025-07-11T20:00:01.971Z] [INFO] ğŸš€ Starting live booking system tests...
[2025-07-11T20:00:01.972Z] [INFO] Testing health check endpoint...
[2025-07-11T20:00:01.972Z] [INFO] Testing health check endpoint...
[2025-07-11T20:00:02.049Z] [ERROR] âŒ Health check failed: 502
[2025-07-11T20:00:02.049Z] [ERROR] âŒ Health check failed: 502
[2025-07-11T20:00:02.050Z] [INFO] Testing booking endpoints...
[2025-07-11T20:00:02.050Z] [INFO] Testing booking endpoints...
[2025-07-11T20:00:02.051Z] [ERROR] âŒ Booking endpoint failed: 502
[2025-07-11T20:00:02.051Z] [ERROR] âŒ Booking endpoint failed: 502
[2025-07-11T20:00:02.051Z] [INFO] ğŸ“Š Test Summary: 0/2 tests passed in 80ms
[2025-07-11T20:00:02.051Z] [INFO] ğŸ“Š Test Summary: 0/2 tests passed in 80ms
[2025-07-11T20:00:02.051Z] [ERROR] ğŸ’¥ Some tests failed
[2025-07-11T20:00:02.051Z] [ERROR] ğŸ’¥ Some tests failed
[2025-07-11T21:00:01.391Z] [INFO] ğŸš€ Starting live booking system tests...
[2025-07-11T21:00:01.391Z] [INFO] ğŸš€ Starting live booking system tests...
[2025-07-11T21:00:01.403Z] [INFO] Testing health check endpoint...
[2025-07-11T21:00:01.403Z] [INFO] Testing health check endpoint...
[2025-07-11T21:00:01.473Z] [ERROR] âŒ Health check failed: 502
[2025-07-11T21:00:01.473Z] [ERROR] âŒ Health check failed: 502
[2025-07-11T21:00:01.474Z] [INFO] Testing booking endpoints...
[2025-07-11T21:00:01.474Z] [INFO] Testing booking endpoints...
[2025-07-11T21:00:01.475Z] [ERROR] âŒ Booking endpoint failed: 502
[2025-07-11T21:00:01.475Z] [ERROR] âŒ Booking endpoint failed: 502
[2025-07-11T21:00:01.475Z] [INFO] ğŸ“Š Test Summary: 0/2 tests passed in 84ms
[2025-07-11T21:00:01.475Z] [INFO] ğŸ“Š Test Summary: 0/2 tests passed in 84ms
[2025-07-11T21:00:01.475Z] [ERROR] ğŸ’¥ Some tests failed
[2025-07-11T21:00:01.475Z] [ERROR] ğŸ’¥ Some tests failed
[2025-07-11T22:00:01.564Z] [INFO] ğŸš€ Starting live booking system tests...
[2025-07-11T22:00:01.564Z] [INFO] ğŸš€ Starting live booking system tests...
[2025-07-11T22:00:01.565Z] [INFO] Testing health check endpoint...
[2025-07-11T22:00:01.565Z] [INFO] Testing health check endpoint...
[2025-07-11T22:00:01.621Z] [ERROR] âŒ Health check failed: 502
[2025-07-11T22:00:01.621Z] [ERROR] âŒ Health check failed: 502
[2025-07-11T22:00:01.621Z] [INFO] Testing booking endpoints...
[2025-07-11T22:00:01.621Z] [INFO] Testing booking endpoints...
[2025-07-11T22:00:01.623Z] [ERROR] âŒ Booking endpoint failed: 502
[2025-07-11T22:00:01.623Z] [ERROR] âŒ Booking endpoint failed: 502
[2025-07-11T22:00:01.623Z] [INFO] ğŸ“Š Test Summary: 0/2 tests passed in 59ms
[2025-07-11T22:00:01.623Z] [INFO] ğŸ“Š Test Summary: 0/2 tests passed in 59ms
[2025-07-11T22:00:01.623Z] [ERROR] ğŸ’¥ Some tests failed
[2025-07-11T22:00:01.623Z] [ERROR] ğŸ’¥ Some tests failed
[2025-07-11T23:00:01.711Z] [INFO] ğŸš€ Starting live booking system tests...
[2025-07-11T23:00:01.711Z] [INFO] ğŸš€ Starting live booking system tests...
[2025-07-11T23:00:01.713Z] [INFO] Testing health check endpoint...
[2025-07-11T23:00:01.713Z] [INFO] Testing health check endpoint...
[2025-07-11T23:00:01.772Z] [ERROR] âŒ Health check failed: 502
[2025-07-11T23:00:01.772Z] [ERROR] âŒ Health check failed: 502
[2025-07-11T23:00:01.772Z] [INFO] Testing booking endpoints...
[2025-07-11T23:00:01.772Z] [INFO] Testing booking endpoints...
[2025-07-11T23:00:01.775Z] [ERROR] âŒ Booking endpoint failed: 502
[2025-07-11T23:00:01.775Z] [ERROR] âŒ Booking endpoint failed: 502
[2025-07-11T23:00:01.775Z] [INFO] ğŸ“Š Test Summary: 0/2 tests passed in 64ms
[2025-07-11T23:00:01.775Z] [INFO] ğŸ“Š Test Summary: 0/2 tests passed in 64ms
[2025-07-11T23:00:01.775Z] [ERROR] ğŸ’¥ Some tests failed
[2025-07-11T23:00:01.775Z] [ERROR] ğŸ’¥ Some tests failed
[2025-07-12T00:00:02.025Z] [INFO] ğŸš€ Starting live booking system tests...
[2025-07-12T00:00:02.025Z] [INFO] ğŸš€ Starting live booking system tests...
[2025-07-12T00:00:02.032Z] [INFO] Testing health check endpoint...
[2025-07-12T00:00:02.032Z] [INFO] Testing health check endpoint...
[2025-07-12T00:00:02.100Z] [ERROR] âŒ Health check failed: 502
[2025-07-12T00:00:02.100Z] [ERROR] âŒ Health check failed: 502
[2025-07-12T00:00:02.100Z] [INFO] Testing booking endpoints...
[2025-07-12T00:00:02.100Z] [INFO] Testing booking endpoints...
[2025-07-12T00:00:02.102Z] [ERROR] âŒ Booking endpoint failed: 502
[2025-07-12T00:00:02.102Z] [ERROR] âŒ Booking endpoint failed: 502
[2025-07-12T00:00:02.102Z] [INFO] ğŸ“Š Test Summary: 0/2 tests passed in 78ms
[2025-07-12T00:00:02.102Z] [INFO] ğŸ“Š Test Summary: 0/2 tests passed in 78ms
[2025-07-12T00:00:02.102Z] [ERROR] ğŸ’¥ Some tests failed
[2025-07-12T00:00:02.102Z] [ERROR] ğŸ’¥ Some tests failed
[2025-07-12T01:00:01.147Z] [INFO] ğŸš€ Starting live booking system tests...
[2025-07-12T01:00:01.147Z] [INFO] ğŸš€ Starting live booking system tests...
[2025-07-12T01:00:01.148Z] [INFO] Testing health check endpoint...
[2025-07-12T01:00:01.148Z] [INFO] Testing health check endpoint...
[2025-07-12T01:00:01.225Z] [ERROR] âŒ Health check failed: 502
[2025-07-12T01:00:01.225Z] [ERROR] âŒ Health check failed: 502
[2025-07-12T01:00:01.225Z] [INFO] Testing booking endpoints...
[2025-07-12T01:00:01.225Z] [INFO] Testing booking endpoints...
[2025-07-12T01:00:01.227Z] [ERROR] âŒ Booking endpoint failed: 502
[2025-07-12T01:00:01.227Z] [ERROR] âŒ Booking endpoint failed: 502
[2025-07-12T01:00:01.227Z] [INFO] ğŸ“Š Test Summary: 0/2 tests passed in 80ms
[2025-07-12T01:00:01.227Z] [INFO] ğŸ“Š Test Summary: 0/2 tests passed in 80ms
[2025-07-12T01:00:01.228Z] [ERROR] ğŸ’¥ Some tests failed
[2025-07-12T01:00:01.228Z] [ERROR] ğŸ’¥ Some tests failed
